<?xml version='1.0'?>
<ns2:test-suite xmlns:ns2='urn:model.allure.qatools.yandex.ru' start='1633424211738' stop='1633424338938'>
    <name>Administrator Role Smoke Tests</name>
    <title>Administrator Role Smoke Tests</title>
    <test-cases>
        <test-case start='1633424211738' status='failed' stop='1633424276209'>
            <name>CCSDK_TC_SMK_01 Check login of Administrator to Inmarsat TIA</name>
            <title>CCSDK_TC_SMK_01 Check login of Administrator to Inmarsat TIA</title>
            <labels/>
            <parameters/>
            <steps/>
            <attachments/>
            <failure>
                <message>Timed out retrying after 30000ms: Expected to find element: `[data-cy="admin_select-project-page_select-project-form_projects-list"]`, but never found it.</message>
                <stack-trace>AssertionError: Timed out retrying after 30000ms: Expected to find element: `[data-cy="admin_select-project-page_select-project-form_projects-list"]`, but never found it.
                    at Context.eval (https://tdms-stg.mobte.net/__cypress/tests?p=cypress/integration/login_logout.spec.js:160:89)</stack-trace>
            </failure>
        </test-case>
        <test-case start='1633424276653' status='failed' stop='1633424307770'>
            <name>CCSDK_TC_SMK_02 Check that project list displayed and directs user upon project selection</name>
            <title>CCSDK_TC_SMK_02 Check that project list displayed and directs user upon project selection</title>
            <labels/>
            <parameters/>
            <steps/>
            <attachments/>
            <failure>
                <message>Timed out retrying after 30000ms: Expected to find element: `[data-cy="admin_select-project-page_select-project-form_projects-list"] li`, but never found it.</message>
                <stack-trace>AssertionError: Timed out retrying after 30000ms: Expected to find element: `[data-cy="admin_select-project-page_select-project-form_projects-list"] li`, but never found it.
                    at Context.eval (https://tdms-stg.mobte.net/__cypress/tests?p=cypress/integration/login_logout.spec.js:163:92)</stack-trace>
            </failure>
        </test-case>
        <test-case start='1633424307965' status='failed' stop='1633424338767'>
            <name>CCSDK_TC_SMK_03 Check logout of Administrator from Inmarsat TIA</name>
            <title>CCSDK_TC_SMK_03 Check logout of Administrator from Inmarsat TIA</title>
            <labels/>
            <parameters/>
            <steps/>
            <attachments/>
            <failure>
                <message>Timed out retrying after 30000ms: Expected to find element: `[data-cy="admin_main_header_menu-hamburger"]`, but never found it.</message>
                <stack-trace>AssertionError: Timed out retrying after 30000ms: Expected to find element: `[data-cy="admin_main_header_menu-hamburger"]`, but never found it.
                    at Context.eval (https://tdms-stg.mobte.net/__cypress/tests?p=cypress/integration/login_logout.spec.js:221:10)</stack-trace>
            </failure>
        </test-case>
    </test-cases>
</ns2:test-suite>